# JRE version: Java(TM) SE Runtime Environment (7.0_45-b18) (build 1.7.0_45-b18)
# Java VM: Java HotSpot(TM) 64-Bit Server VM (24.45-b08 mixed mode windows-amd64 compressed oops)
Heap
 PSYoungGen      total 70656K, used 1865K [0x00000000faa80000, 0x00000000ff480000, 0x0000000100000000)
  eden space 65536K, 2% used [0x00000000faa80000,0x00000000fac524a8,0x00000000fea80000)
  from space 5120K, 0% used [0x00000000fea80000,0x00000000fea80000,0x00000000fef80000)
  to   space 5120K, 0% used [0x00000000fef80000,0x00000000fef80000,0x00000000ff480000)
 ParOldGen       total 86016K, used 41673K [0x00000000f0000000, 0x00000000f5400000, 0x00000000faa80000)
  object space 86016K, 48% used [0x00000000f0000000,0x00000000f28b24f0,0x00000000f5400000)
 PSPermGen       total 38912K, used 19861K [0x00000000eae00000, 0x00000000ed400000, 0x00000000f0000000)
  object space 38912K, 51% used [0x00000000eae00000,0x00000000ec166198,0x00000000ed400000)
GC Heap History (8 events):
Event: 0.751 GC heap before
{Heap before GC invocations=1 (full 0):
 PSYoungGen      total 37888K, used 32768K [0x00000000faa80000, 0x00000000fd480000, 0x0000000100000000)
  eden space 32768K, 100% used [0x00000000faa80000,0x00000000fca80000,0x00000000fca80000)
  from space 5120K, 0% used [0x00000000fcf80000,0x00000000fcf80000,0x00000000fd480000)
  to   space 5120K, 0% used [0x00000000fca80000,0x00000000fca80000,0x00000000fcf80000)
 ParOldGen       total 86016K, used 0K [0x00000000f0000000, 0x00000000f5400000, 0x00000000faa80000)
  object space 86016K, 0% used [0x00000000f0000000,0x00000000f0000000,0x00000000f5400000)
 PSPermGen       total 21504K, used 13053K [0x00000000eae00000, 0x00000000ec300000, 0x00000000f0000000)
  object space 21504K, 60% used [0x00000000eae00000,0x00000000ebabf610,0x00000000ec300000)
Event: 0.774 GC heap after
Heap after GC invocations=1 (full 0):
 PSYoungGen      total 37888K, used 5105K [0x00000000faa80000, 0x00000000ff480000, 0x0000000100000000)
  eden space 32768K, 0% used [0x00000000faa80000,0x00000000faa80000,0x00000000fca80000)
  from space 5120K, 99% used [0x00000000fca80000,0x00000000fcf7c4e0,0x00000000fcf80000)
  to   space 5120K, 0% used [0x00000000fef80000,0x00000000fef80000,0x00000000ff480000)
 ParOldGen       total 86016K, used 7851K [0x00000000f0000000, 0x00000000f5400000, 0x00000000faa80000)
  object space 86016K, 9% used [0x00000000f0000000,0x00000000f07aada8,0x00000000f5400000)
 PSPermGen       total 21504K, used 13053K [0x00000000eae00000, 0x00000000ec300000, 0x00000000f0000000)
  object space 21504K, 60% used [0x00000000eae00000,0x00000000ebabf610,0x00000000ec300000)
}
Event: 1.038 GC heap before
{Heap before GC invocations=2 (full 0):
 PSYoungGen      total 37888K, used 37873K [0x00000000faa80000, 0x00000000ff480000, 0x0000000100000000)
  eden space 32768K, 100% used [0x00000000faa80000,0x00000000fca80000,0x00000000fca80000)
  from space 5120K, 99% used [0x00000000fca80000,0x00000000fcf7c4e0,0x00000000fcf80000)
  to   space 5120K, 0% used [0x00000000fef80000,0x00000000fef80000,0x00000000ff480000)
 ParOldGen       total 86016K, used 7851K [0x00000000f0000000, 0x00000000f5400000, 0x00000000faa80000)
  object space 86016K, 9% used [0x00000000f0000000,0x00000000f07aada8,0x00000000f5400000)
 PSPermGen       total 21504K, used 16999K [0x00000000eae00000, 0x00000000ec300000, 0x00000000f0000000)
  object space 21504K, 79% used [0x00000000eae00000,0x00000000ebe99d00,0x00000000ec300000)
Event: 1.064 GC heap after
Heap after GC invocations=2 (full 0):
 PSYoungGen      total 70656K, used 5113K [0x00000000faa80000, 0x00000000ff480000, 0x0000000100000000)
  eden space 65536K, 0% used [0x00000000faa80000,0x00000000faa80000,0x00000000fea80000)
  from space 5120K, 99% used [0x00000000fef80000,0x00000000ff47e5a0,0x00000000ff480000)
  to   space 5120K, 0% used [0x00000000fea80000,0x00000000fea80000,0x00000000fef80000)
 ParOldGen       total 86016K, used 23892K [0x00000000f0000000, 0x00000000f5400000, 0x00000000faa80000)
  object space 86016K, 27% used [0x00000000f0000000,0x00000000f17552f0,0x00000000f5400000)
 PSPermGen       total 21504K, used 16999K [0x00000000eae00000, 0x00000000ec300000, 0x00000000f0000000)
  object space 21504K, 79% used [0x00000000eae00000,0x00000000ebe99d00,0x00000000ec300000)
}
Event: 1.614 GC heap before
{Heap before GC invocations=3 (full 0):
 PSYoungGen      total 70656K, used 55764K [0x00000000faa80000, 0x00000000ff480000, 0x0000000100000000)
  eden space 65536K, 77% used [0x00000000faa80000,0x00000000fdbf6b80,0x00000000fea80000)
  from space 5120K, 99% used [0x00000000fef80000,0x00000000ff47e5a0,0x00000000ff480000)
  to   space 5120K, 0% used [0x00000000fea80000,0x00000000fea80000,0x00000000fef80000)
 ParOldGen       total 86016K, used 23892K [0x00000000f0000000, 0x00000000f5400000, 0x00000000faa80000)
  object space 86016K, 27% used [0x00000000f0000000,0x00000000f17552f0,0x00000000f5400000)
 PSPermGen       total 21504K, used 19421K [0x00000000eae00000, 0x00000000ec300000, 0x00000000f0000000)
  object space 21504K, 90% used [0x00000000eae00000,0x00000000ec0f7678,0x00000000ec300000)
Event: 1.640 GC heap after
Heap after GC invocations=3 (full 0):
 PSYoungGen      total 70656K, used 5097K [0x00000000faa80000, 0x00000000ff480000, 0x0000000100000000)
  eden space 65536K, 0% used [0x00000000faa80000,0x00000000faa80000,0x00000000fea80000)
  from space 5120K, 99% used [0x00000000fea80000,0x00000000fef7a5a0,0x00000000fef80000)
  to   space 5120K, 0% used [0x00000000fef80000,0x00000000fef80000,0x00000000ff480000)
 ParOldGen       total 86016K, used 38552K [0x00000000f0000000, 0x00000000f5400000, 0x00000000faa80000)
  object space 86016K, 44% used [0x00000000f0000000,0x00000000f25a6388,0x00000000f5400000)
 PSPermGen       total 21504K, used 19421K [0x00000000eae00000, 0x00000000ec300000, 0x00000000f0000000)
  object space 21504K, 90% used [0x00000000eae00000,0x00000000ec0f7678,0x00000000ec300000)
}
Event: 1.641 GC heap before
{Heap before GC invocations=4 (full 1):
 PSYoungGen      total 70656K, used 5097K [0x00000000faa80000, 0x00000000ff480000, 0x0000000100000000)
  eden space 65536K, 0% used [0x00000000faa80000,0x00000000faa80000,0x00000000fea80000)
  from space 5120K, 99% used [0x00000000fea80000,0x00000000fef7a5a0,0x00000000fef80000)
  to   space 5120K, 0% used [0x00000000fef80000,0x00000000fef80000,0x00000000ff480000)
 ParOldGen       total 86016K, used 38552K [0x00000000f0000000, 0x00000000f5400000, 0x00000000faa80000)
  object space 86016K, 44% used [0x00000000f0000000,0x00000000f25a6388,0x00000000f5400000)
 PSPermGen       total 21504K, used 19421K [0x00000000eae00000, 0x00000000ec300000, 0x00000000f0000000)
  object space 21504K, 90% used [0x00000000eae00000,0x00000000ec0f7678,0x00000000ec300000)
Event: 1.954 GC heap after
Heap after GC invocations=4 (full 1):
 PSYoungGen      total 70656K, used 0K [0x00000000faa80000, 0x00000000ff480000, 0x0000000100000000)
  eden space 65536K, 0% used [0x00000000faa80000,0x00000000faa80000,0x00000000fea80000)
  from space 5120K, 0% used [0x00000000fea80000,0x00000000fea80000,0x00000000fef80000)
  to   space 5120K, 0% used [0x00000000fef80000,0x00000000fef80000,0x00000000ff480000)
 ParOldGen       total 86016K, used 41673K [0x00000000f0000000, 0x00000000f5400000, 0x00000000faa80000)
  object space 86016K, 48% used [0x00000000f0000000,0x00000000f28b24f0,0x00000000f5400000)
 PSPermGen       total 38912K, used 19413K [0x00000000eae00000, 0x00000000ed400000, 0x00000000f0000000)
  object space 38912K, 49% used [0x00000000eae00000,0x00000000ec0f57b8,0x00000000ed400000)
}

