# JRE version: Java(TM) SE Runtime Environment (7.0_45-b18) (build 1.7.0_45-b18)
# Java VM: Java HotSpot(TM) 64-Bit Server VM (24.45-b08 mixed mode windows-amd64 compressed oops)
Heap
 PSYoungGen      total 70656K, used 1187K [0x00000000faa80000, 0x00000000ff480000, 0x0000000100000000)
  eden space 65536K, 1% used [0x00000000faa80000,0x00000000faba8f70,0x00000000fea80000)
  from space 5120K, 0% used [0x00000000fea80000,0x00000000fea80000,0x00000000fef80000)
  to   space 5120K, 0% used [0x00000000fef80000,0x00000000fef80000,0x00000000ff480000)
 ParOldGen       total 86016K, used 37633K [0x00000000f0000000, 0x00000000f5400000, 0x00000000faa80000)
  object space 86016K, 43% used [0x00000000f0000000,0x00000000f24c0490,0x00000000f5400000)
 PSPermGen       total 38912K, used 19387K [0x00000000eae00000, 0x00000000ed400000, 0x00000000f0000000)
  object space 38912K, 49% used [0x00000000eae00000,0x00000000ec0eed30,0x00000000ed400000)
GC Heap History (8 events):
Event: 0.682 GC heap before
{Heap before GC invocations=1 (full 0):
 PSYoungGen      total 37888K, used 32768K [0x00000000faa80000, 0x00000000fd480000, 0x0000000100000000)
  eden space 32768K, 100% used [0x00000000faa80000,0x00000000fca80000,0x00000000fca80000)
  from space 5120K, 0% used [0x00000000fcf80000,0x00000000fcf80000,0x00000000fd480000)
  to   space 5120K, 0% used [0x00000000fca80000,0x00000000fca80000,0x00000000fcf80000)
 ParOldGen       total 86016K, used 0K [0x00000000f0000000, 0x00000000f5400000, 0x00000000faa80000)
  object space 86016K, 0% used [0x00000000f0000000,0x00000000f0000000,0x00000000f5400000)
 PSPermGen       total 21504K, used 13053K [0x00000000eae00000, 0x00000000ec300000, 0x00000000f0000000)
  object space 21504K, 60% used [0x00000000eae00000,0x00000000ebabf610,0x00000000ec300000)
Event: 0.698 GC heap after
Heap after GC invocations=1 (full 0):
 PSYoungGen      total 37888K, used 5088K [0x00000000faa80000, 0x00000000ff480000, 0x0000000100000000)
  eden space 32768K, 0% used [0x00000000faa80000,0x00000000faa80000,0x00000000fca80000)
  from space 5120K, 99% used [0x00000000fca80000,0x00000000fcf78010,0x00000000fcf80000)
  to   space 5120K, 0% used [0x00000000fef80000,0x00000000fef80000,0x00000000ff480000)
 ParOldGen       total 86016K, used 8303K [0x00000000f0000000, 0x00000000f5400000, 0x00000000faa80000)
  object space 86016K, 9% used [0x00000000f0000000,0x00000000f081bfe0,0x00000000f5400000)
 PSPermGen       total 21504K, used 13053K [0x00000000eae00000, 0x00000000ec300000, 0x00000000f0000000)
  object space 21504K, 60% used [0x00000000eae00000,0x00000000ebabf610,0x00000000ec300000)
}
Event: 0.931 GC heap before
{Heap before GC invocations=2 (full 0):
 PSYoungGen      total 37888K, used 37856K [0x00000000faa80000, 0x00000000ff480000, 0x0000000100000000)
  eden space 32768K, 100% used [0x00000000faa80000,0x00000000fca80000,0x00000000fca80000)
  from space 5120K, 99% used [0x00000000fca80000,0x00000000fcf78010,0x00000000fcf80000)
  to   space 5120K, 0% used [0x00000000fef80000,0x00000000fef80000,0x00000000ff480000)
 ParOldGen       total 86016K, used 8303K [0x00000000f0000000, 0x00000000f5400000, 0x00000000faa80000)
  object space 86016K, 9% used [0x00000000f0000000,0x00000000f081bfe0,0x00000000f5400000)
 PSPermGen       total 21504K, used 16786K [0x00000000eae00000, 0x00000000ec300000, 0x00000000f0000000)
  object space 21504K, 78% used [0x00000000eae00000,0x00000000ebe64948,0x00000000ec300000)
Event: 0.960 GC heap after
Heap after GC invocations=2 (full 0):
 PSYoungGen      total 70656K, used 5105K [0x00000000faa80000, 0x00000000ff480000, 0x0000000100000000)
  eden space 65536K, 0% used [0x00000000faa80000,0x00000000faa80000,0x00000000fea80000)
  from space 5120K, 99% used [0x00000000fef80000,0x00000000ff47c530,0x00000000ff480000)
  to   space 5120K, 0% used [0x00000000fea80000,0x00000000fea80000,0x00000000fef80000)
 ParOldGen       total 86016K, used 26618K [0x00000000f0000000, 0x00000000f5400000, 0x00000000faa80000)
  object space 86016K, 30% used [0x00000000f0000000,0x00000000f19fea90,0x00000000f5400000)
 PSPermGen       total 21504K, used 16786K [0x00000000eae00000, 0x00000000ec300000, 0x00000000f0000000)
  object space 21504K, 78% used [0x00000000eae00000,0x00000000ebe64948,0x00000000ec300000)
}
Event: 1.446 GC heap before
{Heap before GC invocations=3 (full 0):
 PSYoungGen      total 70656K, used 47502K [0x00000000faa80000, 0x00000000ff480000, 0x0000000100000000)
  eden space 65536K, 64% used [0x00000000faa80000,0x00000000fd3e7468,0x00000000fea80000)
  from space 5120K, 99% used [0x00000000fef80000,0x00000000ff47c530,0x00000000ff480000)
  to   space 5120K, 0% used [0x00000000fea80000,0x00000000fea80000,0x00000000fef80000)
 ParOldGen       total 86016K, used 26618K [0x00000000f0000000, 0x00000000f5400000, 0x00000000faa80000)
  object space 86016K, 30% used [0x00000000f0000000,0x00000000f19fea90,0x00000000f5400000)
 PSPermGen       total 21504K, used 19348K [0x00000000eae00000, 0x00000000ec300000, 0x00000000f0000000)
  object space 21504K, 89% used [0x00000000eae00000,0x00000000ec0e5050,0x00000000ec300000)
Event: 1.466 GC heap after
Heap after GC invocations=3 (full 0):
 PSYoungGen      total 70656K, used 5104K [0x00000000faa80000, 0x00000000ff480000, 0x0000000100000000)
  eden space 65536K, 0% used [0x00000000faa80000,0x00000000faa80000,0x00000000fea80000)
  from space 5120K, 99% used [0x00000000fea80000,0x00000000fef7c030,0x00000000fef80000)
  to   space 5120K, 0% used [0x00000000fef80000,0x00000000fef80000,0x00000000ff480000)
 ParOldGen       total 86016K, used 34666K [0x00000000f0000000, 0x00000000f5400000, 0x00000000faa80000)
  object space 86016K, 40% used [0x00000000f0000000,0x00000000f21dabe0,0x00000000f5400000)
 PSPermGen       total 21504K, used 19348K [0x00000000eae00000, 0x00000000ec300000, 0x00000000f0000000)
  object space 21504K, 89% used [0x00000000eae00000,0x00000000ec0e5050,0x00000000ec300000)
}
Event: 1.466 GC heap before
{Heap before GC invocations=4 (full 1):
 PSYoungGen      total 70656K, used 5104K [0x00000000faa80000, 0x00000000ff480000, 0x0000000100000000)
  eden space 65536K, 0% used [0x00000000faa80000,0x00000000faa80000,0x00000000fea80000)
  from space 5120K, 99% used [0x00000000fea80000,0x00000000fef7c030,0x00000000fef80000)
  to   space 5120K, 0% used [0x00000000fef80000,0x00000000fef80000,0x00000000ff480000)
 ParOldGen       total 86016K, used 34666K [0x00000000f0000000, 0x00000000f5400000, 0x00000000faa80000)
  object space 86016K, 40% used [0x00000000f0000000,0x00000000f21dabe0,0x00000000f5400000)
 PSPermGen       total 21504K, used 19348K [0x00000000eae00000, 0x00000000ec300000, 0x00000000f0000000)
  object space 21504K, 89% used [0x00000000eae00000,0x00000000ec0e5050,0x00000000ec300000)
Event: 1.746 GC heap after
Heap after GC invocations=4 (full 1):
 PSYoungGen      total 70656K, used 0K [0x00000000faa80000, 0x00000000ff480000, 0x0000000100000000)
  eden space 65536K, 0% used [0x00000000faa80000,0x00000000faa80000,0x00000000fea80000)
  from space 5120K, 0% used [0x00000000fea80000,0x00000000fea80000,0x00000000fef80000)
  to   space 5120K, 0% used [0x00000000fef80000,0x00000000fef80000,0x00000000ff480000)
 ParOldGen       total 86016K, used 37633K [0x00000000f0000000, 0x00000000f5400000, 0x00000000faa80000)
  object space 86016K, 43% used [0x00000000f0000000,0x00000000f24c0490,0x00000000f5400000)
 PSPermGen       total 38912K, used 19340K [0x00000000eae00000, 0x00000000ed400000, 0x00000000f0000000)
  object space 38912K, 49% used [0x00000000eae00000,0x00000000ec0e31d0,0x00000000ed400000)
}

